2026-04-04 13:04:07,613 - src.serving.api - INFO - >> Starting API server on 0.0.0.0:8000
2026-04-04 13:04:14,643 - src.serving.api - INFO - >> Starting Telco Churn Prediction API...
2026-04-04 13:04:14,648 - src.serving.api - INFO -   [OK] Preprocessing pipeline loaded
2026-04-04 13:04:14,660 - src.serving.api - INFO -   [OK] Serving config loaded
2026-04-04 13:04:15,773 - src.serving.api - WARNING -   [WARN] Could not load from MLflow registry (Production): Registered Model with name=telco_churn_model_tuned not found
2026-04-04 13:04:15,777 - src.serving.api - WARNING -   [WARN] Could not load from MLflow registry (Staging): Registered Model with name=telco_churn_model_tuned not found
2026-04-04 13:04:15,809 - src.serving.api - INFO -   [OK] Model loaded from local joblib: artifacts\model.pkl
2026-04-04 13:04:15,809 - src.serving.api - INFO -   [OK] API startup complete
2026-04-04 13:15:53,036 - src.serving.api - INFO -  Shutting down Telco Churn Prediction API...
2026-04-04 13:16:10,089 - src.serving.api - INFO - >> Starting API server on 0.0.0.0:8000
2026-04-04 13:16:22,308 - src.serving.api - INFO - >> Starting Telco Churn Prediction API...
2026-04-04 13:16:22,316 - src.serving.api - INFO -   [OK] Preprocessing pipeline loaded
2026-04-04 13:16:22,317 - src.serving.api - INFO -   [OK] Serving config loaded
2026-04-04 13:16:23,928 - src.serving.api - WARNING -   [WARN] Could not load from MLflow registry (Production): Registered Model with name=telco_churn_model_tuned not found
2026-04-04 13:16:23,934 - src.serving.api - WARNING -   [WARN] Could not load from MLflow registry (Staging): Registered Model with name=telco_churn_model_tuned not found
2026-04-04 13:16:23,944 - src.serving.api - INFO -   [OK] Model loaded from local joblib: artifacts\model.pkl
2026-04-04 13:16:23,944 - src.serving.api - INFO -   [OK] API startup complete
2026-04-04 13:19:23,242 - src.serving.api - INFO -  Shutting down Telco Churn Prediction API...
2026-04-04 13:19:32,989 - src.serving.api - INFO - >> Starting API server on 0.0.0.0:8000
2026-04-04 13:19:40,348 - src.serving.api - INFO - >> Starting Telco Churn Prediction API...
2026-04-04 13:19:40,353 - src.serving.api - INFO -   [OK] Preprocessing pipeline loaded
2026-04-04 13:19:40,354 - src.serving.api - INFO -   [OK] Serving config loaded
2026-04-04 13:19:41,605 - src.serving.api - WARNING -   [WARN] Could not load from MLflow registry (Production): Registered Model with name=telco_churn_model_tuned not found
2026-04-04 13:19:41,612 - src.serving.api - WARNING -   [WARN] Could not load from MLflow registry (Staging): Registered Model with name=telco_churn_model_tuned not found
2026-04-04 13:19:41,619 - src.serving.api - INFO -   [OK] Model loaded from local joblib: artifacts\model.pkl
2026-04-04 13:19:41,620 - src.serving.api - INFO -   [OK] API startup complete
2026-04-04 13:54:03,044 - src.serving.api - INFO -  Shutting down Telco Churn Prediction API...
2026-04-04 13:54:13,390 - src.serving.api - INFO - >> Starting Telco Churn Prediction API...
2026-04-04 13:54:13,396 - src.serving.api - INFO -   [OK] Preprocessing pipeline loaded
2026-04-04 13:54:13,397 - src.serving.api - INFO -   [OK] Serving config loaded
2026-04-04 13:54:14,752 - src.serving.api - WARNING -   [WARN] Could not load from MLflow registry (Production): Registered Model with name=telco_churn_model_tuned not found
2026-04-04 13:54:14,755 - src.serving.api - WARNING -   [WARN] Could not load from MLflow registry (Staging): Registered Model with name=telco_churn_model_tuned not found
2026-04-04 13:54:14,763 - src.serving.api - INFO -   [OK] Model loaded from local joblib: artifacts\model.pkl
2026-04-04 13:54:14,763 - src.serving.api - INFO -   [OK] API startup complete
2026-04-04 13:58:32,034 - src.serving.api - INFO -  Shutting down Telco Churn Prediction API...
2026-04-05 07:10:11,004 - src.serving.api - INFO - >> Starting API server on 0.0.0.0:8000
2026-04-05 07:10:19,784 - src.serving.api - INFO - >> Starting Telco Churn Prediction API...
2026-04-05 07:10:19,812 - src.serving.api - INFO -   [OK] Preprocessing pipeline loaded
2026-04-05 07:10:19,825 - src.serving.api - INFO -   [OK] Serving config loaded
2026-04-05 07:10:21,307 - src.serving.api - WARNING -   [WARN] Could not load from MLflow registry (Production): Registered Model with name=telco_churn_model_tuned not found
2026-04-05 07:10:21,313 - src.serving.api - WARNING -   [WARN] Could not load from MLflow registry (Staging): Registered Model with name=telco_churn_model_tuned not found
2026-04-05 07:10:21,375 - src.serving.api - INFO -   [OK] Model loaded from local joblib: artifacts\model.pkl
2026-04-05 07:10:21,376 - src.serving.api - INFO -   [OK] API startup complete
2026-04-05 07:27:43,192 - src.serving.api - INFO -  Shutting down Telco Churn Prediction API...
2026-04-05 07:29:06,172 - src.serving.api - INFO - >> Starting API server on 0.0.0.0:8000
2026-04-05 07:29:15,365 - src.serving.api - INFO - >> Starting Telco Churn Prediction API...
2026-04-05 07:29:15,375 - src.serving.api - INFO -   [OK] Preprocessing pipeline loaded
2026-04-05 07:29:15,376 - src.serving.api - INFO -   [OK] Serving config loaded
2026-04-05 07:29:16,985 - src.serving.api - WARNING -   [WARN] Could not load from MLflow registry (Production): Registered Model with name=telco_churn_model_tuned not found
2026-04-05 07:29:16,990 - src.serving.api - WARNING -   [WARN] Could not load from MLflow registry (Staging): Registered Model with name=telco_churn_model_tuned not found
2026-04-05 07:29:16,997 - src.serving.api - INFO -   [OK] Model loaded from local joblib: artifacts\model.pkl
2026-04-05 07:29:16,997 - src.serving.api - INFO -   [OK] API startup complete
2026-04-05 08:47:06,707 - src.serving.api - INFO -  Shutting down Telco Churn Prediction API...
